[INFO] Scanning for projects...
[WARNING] 
[WARNING] Some problems were encountered while building the effective model for vn.unigap:recruiment-service:jar:0.0.1-SNAPSHOT
[WARNING] 'dependencies.dependency.(groupId:artifactId:type:classifier)' must be unique: org.springframework:spring-beans:jar -> version 6.1.1 vs (?) @ line 70, column 15
[WARNING] 'dependencies.dependency.(groupId:artifactId:type:classifier)' must be unique: org.springframework.boot:spring-boot-starter:jar -> duplicate declaration of version (?) @ line 75, column 15
[WARNING] 'dependencies.dependency.(groupId:artifactId:type:classifier)' must be unique: org.springframework.boot:spring-boot-starter-test:jar -> duplicate declaration of version (?) @ line 92, column 15
[WARNING] 
[WARNING] It is highly recommended to fix these problems because they threaten the stability of your build.
[WARNING] 
[WARNING] For this reason, future Maven versions might no longer support building such malformed projects.
[WARNING] 
[INFO] 
[INFO] --------------------< vn.unigap:recruiment-service >--------------------
[INFO] Building recruiment-service 0.0.1-SNAPSHOT
[INFO]   from pom.xml
[INFO] --------------------------------[ jar ]---------------------------------
[INFO] 
[INFO] >>> spring-boot:3.1.5:run (default-cli) > test-compile @ recruiment-service >>>
[INFO] 
[INFO] --- resources:3.3.1:resources (default-resources) @ recruiment-service ---
[INFO] Copying 1 resource from src/main/resources to target/classes
[INFO] Copying 1 resource from src/main/resources to target/classes
[INFO] 
[INFO] --- compiler:3.11.0:compile (default-compile) @ recruiment-service ---
[INFO] Nothing to compile - all classes are up to date
[INFO] 
[INFO] --- resources:3.3.1:testResources (default-testResources) @ recruiment-service ---
[INFO] Copying 1 resource from src/test/resources to target/test-classes
[INFO] 
[INFO] --- compiler:3.11.0:testCompile (default-testCompile) @ recruiment-service ---
[INFO] Changes detected - recompiling the module! :source
[INFO] Compiling 5 source files with javac [debug release 17] to target/test-classes
[INFO] Annotation processing is enabled because one or more processors were found
  on the class path. A future release of javac may disable annotation processing
  unless at least one processor is specified by name (-processor), or a search
  path is specified (--processor-path, --processor-module-path), or annotation
  processing is enabled explicitly (-proc:only, -proc:full).
  Use -Xlint:-options to suppress this message.
  Use -proc:none to disable annotation processing.
[INFO] 
[INFO] <<< spring-boot:3.1.5:run (default-cli) < test-compile @ recruiment-service <<<
[INFO] 
[INFO] 
[INFO] --- spring-boot:3.1.5:run (default-cli) @ recruiment-service ---
[INFO] Attaching agents: []

  .   ____          _            __ _ _
 /\\ / ___'_ __ _ _(_)_ __  __ _ \ \ \ \
( ( )\___ | '_ | '_| | '_ \/ _` | \ \ \ \
 \\/  ___)| |_)| | | | | || (_| |  ) ) ) )
  '  |____| .__|_| |_|_| |_\__, | / / / /
 =========|_|==============|___/=/_/_/_/
 :: Spring Boot ::                (v3.1.5)

2026-02-14T21:34:32.793-06:00  INFO 19089 --- [           main] vn.unigap.RecruimentServiceApplication   : Starting RecruimentServiceApplication using Java 21 with PID 19089 (/Users/tienhuynh/Developer/recruiment-service/target/classes started by tienhuynh in /Users/tienhuynh/Developer/recruiment-service)
2026-02-14T21:34:32.794-06:00  INFO 19089 --- [           main] vn.unigap.RecruimentServiceApplication   : No active profile set, falling back to 1 default profile: "default"
2026-02-14T21:34:33.194-06:00  INFO 19089 --- [           main] .s.d.r.c.RepositoryConfigurationDelegate : Bootstrapping Spring Data JPA repositories in DEFAULT mode.
2026-02-14T21:34:33.236-06:00  INFO 19089 --- [           main] .s.d.r.c.RepositoryConfigurationDelegate : Finished Spring Data repository scanning in 36 ms. Found 8 JPA repository interfaces.
2026-02-14T21:34:33.567-06:00  INFO 19089 --- [           main] o.s.b.w.embedded.tomcat.TomcatWebServer  : Tomcat initialized with port(s): 8080 (http)
2026-02-14T21:34:33.574-06:00  INFO 19089 --- [           main] o.apache.catalina.core.StandardService   : Starting service [Tomcat]
2026-02-14T21:34:33.574-06:00  INFO 19089 --- [           main] o.apache.catalina.core.StandardEngine    : Starting Servlet engine: [Apache Tomcat/10.1.15]
2026-02-14T21:34:33.647-06:00  INFO 19089 --- [           main] o.a.c.c.C.[Tomcat].[localhost].[/]       : Initializing Spring embedded WebApplicationContext
2026-02-14T21:34:33.647-06:00  INFO 19089 --- [           main] w.s.c.ServletWebServerApplicationContext : Root WebApplicationContext: initialization completed in 833 ms
2026-02-14T21:34:33.736-06:00  INFO 19089 --- [           main] o.hibernate.jpa.internal.util.LogHelper  : HHH000204: Processing PersistenceUnitInfo [name: default]
2026-02-14T21:34:33.765-06:00  INFO 19089 --- [           main] org.hibernate.Version                    : HHH000412: Hibernate ORM core version 6.2.13.Final
2026-02-14T21:34:33.766-06:00  INFO 19089 --- [           main] org.hibernate.cfg.Environment            : HHH000406: Using bytecode reflection optimizer
2026-02-14T21:34:33.883-06:00  INFO 19089 --- [           main] o.s.o.j.p.SpringPersistenceUnitInfo      : No LoadTimeWeaver setup: ignoring JPA class transformer
2026-02-14T21:34:33.899-06:00  INFO 19089 --- [           main] com.zaxxer.hikari.HikariDataSource       : HikariPool-1 - Starting...
2026-02-14T21:34:34.094-06:00  INFO 19089 --- [           main] com.zaxxer.hikari.pool.HikariPool        : HikariPool-1 - Added connection com.mysql.cj.jdbc.ConnectionImpl@1ddf42dd
2026-02-14T21:34:34.095-06:00  INFO 19089 --- [           main] com.zaxxer.hikari.HikariDataSource       : HikariPool-1 - Start completed.
2026-02-14T21:34:34.133-06:00  WARN 19089 --- [           main] org.hibernate.orm.deprecation            : HHH90000025: MySQLDialect does not need to be specified explicitly using 'hibernate.dialect' (remove the property setting and it will be selected by default)
2026-02-14T21:34:34.735-06:00  INFO 19089 --- [           main] o.h.e.t.j.p.i.JtaPlatformInitiator       : HHH000489: No JTA platform available (set 'hibernate.transaction.jta.platform' to enable JTA platform integration)
Hibernate: alter table employer add column province_id bigint
Hibernate: create table job (id bigint not null auto_increment, created_at datetime(6), description TEXT, expired_at datetime(6), quantity integer, salary decimal(38,2), title varchar(255) not null, updated_at datetime(6), employer_id bigint not null, primary key (id)) engine=InnoDB
Hibernate: create table job_application (id bigint not null auto_increment, applied_at datetime(6), created_at datetime(6), status enum ('ACCEPTED','PENDING','REJECTED') not null, updated_at datetime(6), job_id bigint not null, resume_id bigint not null, primary key (id)) engine=InnoDB
Hibernate: alter table job_field modify column id bigint not null auto_increment
Hibernate: alter table job_field add column created_at datetime(6)
Hibernate: alter table job_field add column updated_at datetime(6)
Hibernate: create table job_job_field (job_id bigint not null, job_field_id bigint not null) engine=InnoDB
Hibernate: create table job_job_province (job_id bigint not null, job_province_id bigint not null) engine=InnoDB
Hibernate: alter table job_province modify column id bigint not null auto_increment
Hibernate: alter table job_province add column code varchar(255)
Hibernate: alter table job_province add column created_at datetime(6)
Hibernate: alter table job_province add column updated_at datetime(6)
Hibernate: alter table resume modify column salary decimal(38,2)
Hibernate: create table resume_job_field (resume_id bigint not null, job_field_id bigint not null) engine=InnoDB
Hibernate: create table resume_job_province (resume_id bigint not null, job_province_id bigint not null) engine=InnoDB
Hibernate: alter table seeker add column email varchar(255) not null
Hibernate: alter table seeker add column province_id bigint
Hibernate: create table `user` (id bigint not null auto_increment, created_at datetime(6), email varchar(255) not null, password varchar(255) not null, role enum ('ADMIN','EMPLOYER','SEEKER') not null, role_entity_id bigint, updated_at datetime(6), username varchar(255) not null, primary key (id)) engine=InnoDB
Hibernate: alter table job_application drop index UK9u4ubp5jdxs0lbklsiqgt493m
Hibernate: alter table job_application add constraint UK9u4ubp5jdxs0lbklsiqgt493m unique (job_id, resume_id)
Hibernate: alter table seeker drop index UK_6xgt7qsupabovifteyxw0snkk
Hibernate: alter table seeker add constraint UK_6xgt7qsupabovifteyxw0snkk unique (email)
Hibernate: alter table `user` drop index UK_ob8kqyqqgmefl0aco34akdtpe
Hibernate: alter table `user` add constraint UK_ob8kqyqqgmefl0aco34akdtpe unique (email)
Hibernate: alter table `user` drop index UK_sb8bbouer5wak8vyiiy4pf2bx
Hibernate: alter table `user` add constraint UK_sb8bbouer5wak8vyiiy4pf2bx unique (username)
Hibernate: alter table employer add constraint FKmnklvyu3cp2x61yrwec79rgmo foreign key (province_id) references job_province (id)
Hibernate: alter table job add constraint FKnjbsumt44u8xps6yg5f16ynig foreign key (employer_id) references employer (id)
Hibernate: alter table job_application add constraint FKdepcvxeq3gyb4438ws0qjycc7 foreign key (job_id) references job (id)
Hibernate: alter table job_application add constraint FK3dc7sb9ywko943m7y0jjkq6u7 foreign key (resume_id) references resume (id)
Hibernate: alter table job_job_field add constraint FK430wv2y1acpquhp6gcmi6qt4y foreign key (job_field_id) references job_field (id)
Hibernate: alter table job_job_field add constraint FKo6moqwnldhef15sl8uenn60su foreign key (job_id) references job (id)
Hibernate: alter table job_job_province add constraint FKy32lpj4wmhfi11liab4c0kqd foreign key (job_province_id) references job_province (id)
Hibernate: alter table job_job_province add constraint FKnn3t1v64luadge11qfvg335h6 foreign key (job_id) references job (id)
Hibernate: alter table resume add constraint FKr7ujclv7oh4yf0u8hs2nq3ui2 foreign key (seeker_id) references seeker (id)
2026-02-14T21:34:35.104-06:00  WARN 19089 --- [           main] o.h.t.s.i.ExceptionHandlerLoggedImpl     : GenerationTarget encountered exception accepting command : Error executing DDL "alter table resume add constraint FKr7ujclv7oh4yf0u8hs2nq3ui2 foreign key (seeker_id) references seeker (id)" via JDBC [Cannot add or update a child row: a foreign key constraint fails (`job_db`.`#sql-368_9`, CONSTRAINT `FKr7ujclv7oh4yf0u8hs2nq3ui2` FOREIGN KEY (`seeker_id`) REFERENCES `seeker` (`id`))]

org.hibernate.tool.schema.spi.CommandAcceptanceException: Error executing DDL "alter table resume add constraint FKr7ujclv7oh4yf0u8hs2nq3ui2 foreign key (seeker_id) references seeker (id)" via JDBC [Cannot add or update a child row: a foreign key constraint fails (`job_db`.`#sql-368_9`, CONSTRAINT `FKr7ujclv7oh4yf0u8hs2nq3ui2` FOREIGN KEY (`seeker_id`) REFERENCES `seeker` (`id`))]
	at org.hibernate.tool.schema.internal.exec.GenerationTargetToDatabase.accept(GenerationTargetToDatabase.java:94) ~[hibernate-core-6.2.13.Final.jar:6.2.13.Final]
	at org.hibernate.tool.schema.internal.AbstractSchemaMigrator.applySqlString(AbstractSchemaMigrator.java:574) ~[hibernate-core-6.2.13.Final.jar:6.2.13.Final]
	at org.hibernate.tool.schema.internal.AbstractSchemaMigrator.applySqlStrings(AbstractSchemaMigrator.java:514) ~[hibernate-core-6.2.13.Final.jar:6.2.13.Final]
	at org.hibernate.tool.schema.internal.AbstractSchemaMigrator.applyForeignKeys(AbstractSchemaMigrator.java:446) ~[hibernate-core-6.2.13.Final.jar:6.2.13.Final]
	at org.hibernate.tool.schema.internal.AbstractSchemaMigrator.performMigration(AbstractSchemaMigrator.java:268) ~[hibernate-core-6.2.13.Final.jar:6.2.13.Final]
	at org.hibernate.tool.schema.internal.AbstractSchemaMigrator.doMigration(AbstractSchemaMigrator.java:117) ~[hibernate-core-6.2.13.Final.jar:6.2.13.Final]
	at org.hibernate.tool.schema.spi.SchemaManagementToolCoordinator.performDatabaseAction(SchemaManagementToolCoordinator.java:284) ~[hibernate-core-6.2.13.Final.jar:6.2.13.Final]
	at org.hibernate.tool.schema.spi.SchemaManagementToolCoordinator.lambda$process$5(SchemaManagementToolCoordinator.java:143) ~[hibernate-core-6.2.13.Final.jar:6.2.13.Final]
	at java.base/java.util.HashMap.forEach(HashMap.java:1429) ~[na:na]
	at org.hibernate.tool.schema.spi.SchemaManagementToolCoordinator.process(SchemaManagementToolCoordinator.java:140) ~[hibernate-core-6.2.13.Final.jar:6.2.13.Final]
	at org.hibernate.boot.internal.SessionFactoryObserverForSchemaExport.sessionFactoryCreated(SessionFactoryObserverForSchemaExport.java:37) ~[hibernate-core-6.2.13.Final.jar:6.2.13.Final]
	at org.hibernate.internal.SessionFactoryObserverChain.sessionFactoryCreated(SessionFactoryObserverChain.java:35) ~[hibernate-core-6.2.13.Final.jar:6.2.13.Final]
	at org.hibernate.internal.SessionFactoryImpl.<init>(SessionFactoryImpl.java:293) ~[hibernate-core-6.2.13.Final.jar:6.2.13.Final]
	at org.hibernate.boot.internal.SessionFactoryBuilderImpl.build(SessionFactoryBuilderImpl.java:444) ~[hibernate-core-6.2.13.Final.jar:6.2.13.Final]
	at org.hibernate.jpa.boot.internal.EntityManagerFactoryBuilderImpl.build(EntityManagerFactoryBuilderImpl.java:1458) ~[hibernate-core-6.2.13.Final.jar:6.2.13.Final]
	at org.springframework.orm.jpa.vendor.SpringHibernateJpaPersistenceProvider.createContainerEntityManagerFactory(SpringHibernateJpaPersistenceProvider.java:75) ~[spring-orm-6.0.13.jar:6.0.13]
	at org.springframework.orm.jpa.LocalContainerEntityManagerFactoryBean.createNativeEntityManagerFactory(LocalContainerEntityManagerFactoryBean.java:376) ~[spring-orm-6.0.13.jar:6.0.13]
	at org.springframework.orm.jpa.AbstractEntityManagerFactoryBean.buildNativeEntityManagerFactory(AbstractEntityManagerFactoryBean.java:409) ~[spring-orm-6.0.13.jar:6.0.13]
	at org.springframework.orm.jpa.AbstractEntityManagerFactoryBean.afterPropertiesSet(AbstractEntityManagerFactoryBean.java:396) ~[spring-orm-6.0.13.jar:6.0.13]
	at org.springframework.orm.jpa.LocalContainerEntityManagerFactoryBean.afterPropertiesSet(LocalContainerEntityManagerFactoryBean.java:352) ~[spring-orm-6.0.13.jar:6.0.13]
	at org.springframework.beans.factory.support.AbstractAutowireCapableBeanFactory.invokeInitMethods(AbstractAutowireCapableBeanFactory.java:1817) ~[spring-beans-6.0.13.jar:6.0.13]
	at org.springframework.beans.factory.support.AbstractAutowireCapableBeanFactory.initializeBean(AbstractAutowireCapableBeanFactory.java:1766) ~[spring-beans-6.0.13.jar:6.0.13]
	at org.springframework.beans.factory.support.AbstractAutowireCapableBeanFactory.doCreateBean(AbstractAutowireCapableBeanFactory.java:598) ~[spring-beans-6.0.13.jar:6.0.13]
	at org.springframework.beans.factory.support.AbstractAutowireCapableBeanFactory.createBean(AbstractAutowireCapableBeanFactory.java:520) ~[spring-beans-6.0.13.jar:6.0.13]
	at org.springframework.beans.factory.support.AbstractBeanFactory.lambda$doGetBean$0(AbstractBeanFactory.java:325) ~[spring-beans-6.0.13.jar:6.0.13]
	at org.springframework.beans.factory.support.DefaultSingletonBeanRegistry.getSingleton(DefaultSingletonBeanRegistry.java:234) ~[spring-beans-6.0.13.jar:6.0.13]
	at org.springframework.beans.factory.support.AbstractBeanFactory.doGetBean(AbstractBeanFactory.java:323) ~[spring-beans-6.0.13.jar:6.0.13]
	at org.springframework.beans.factory.support.AbstractBeanFactory.getBean(AbstractBeanFactory.java:199) ~[spring-beans-6.0.13.jar:6.0.13]
	at org.springframework.beans.factory.support.BeanDefinitionValueResolver.resolveReference(BeanDefinitionValueResolver.java:365) ~[spring-beans-6.0.13.jar:6.0.13]
	at org.springframework.beans.factory.support.BeanDefinitionValueResolver.resolveValueIfNecessary(BeanDefinitionValueResolver.java:135) ~[spring-beans-6.0.13.jar:6.0.13]
	at org.springframework.beans.factory.support.ConstructorResolver.resolveConstructorArguments(ConstructorResolver.java:688) ~[spring-beans-6.0.13.jar:6.0.13]
	at org.springframework.beans.factory.support.ConstructorResolver.instantiateUsingFactoryMethod(ConstructorResolver.java:512) ~[spring-beans-6.0.13.jar:6.0.13]
	at org.springframework.beans.factory.support.AbstractAutowireCapableBeanFactory.instantiateUsingFactoryMethod(AbstractAutowireCapableBeanFactory.java:1332) ~[spring-beans-6.0.13.jar:6.0.13]
	at org.springframework.beans.factory.support.AbstractAutowireCapableBeanFactory.createBeanInstance(AbstractAutowireCapableBeanFactory.java:1162) ~[spring-beans-6.0.13.jar:6.0.13]
	at org.springframework.beans.factory.support.AbstractAutowireCapableBeanFactory.doCreateBean(AbstractAutowireCapableBeanFactory.java:560) ~[spring-beans-6.0.13.jar:6.0.13]
	at org.springframework.beans.factory.support.AbstractAutowireCapableBeanFactory.createBean(AbstractAutowireCapableBeanFactory.java:520) ~[spring-beans-6.0.13.jar:6.0.13]
	at org.springframework.beans.factory.support.AbstractBeanFactory.lambda$doGetBean$0(AbstractBeanFactory.java:325) ~[spring-beans-6.0.13.jar:6.0.13]
	at org.springframework.beans.factory.support.DefaultSingletonBeanRegistry.getSingleton(DefaultSingletonBeanRegistry.java:234) ~[spring-beans-6.0.13.jar:6.0.13]
	at org.springframework.beans.factory.support.AbstractBeanFactory.doGetBean(AbstractBeanFactory.java:323) ~[spring-beans-6.0.13.jar:6.0.13]
	at org.springframework.beans.factory.support.AbstractBeanFactory.getBean(AbstractBeanFactory.java:199) ~[spring-beans-6.0.13.jar:6.0.13]
	at org.springframework.beans.factory.support.BeanDefinitionValueResolver.resolveReference(BeanDefinitionValueResolver.java:365) ~[spring-beans-6.0.13.jar:6.0.13]
	at org.springframework.beans.factory.support.BeanDefinitionValueResolver.resolveValueIfNecessary(BeanDefinitionValueResolver.java:135) ~[spring-beans-6.0.13.jar:6.0.13]
	at org.springframework.beans.factory.support.AbstractAutowireCapableBeanFactory.applyPropertyValues(AbstractAutowireCapableBeanFactory.java:1682) ~[spring-beans-6.0.13.jar:6.0.13]
	at org.springframework.beans.factory.support.AbstractAutowireCapableBeanFactory.populateBean(AbstractAutowireCapableBeanFactory.java:1431) ~[spring-beans-6.0.13.jar:6.0.13]
	at org.springframework.beans.factory.support.AbstractAutowireCapableBeanFactory.doCreateBean(AbstractAutowireCapableBeanFactory.java:597) ~[spring-beans-6.0.13.jar:6.0.13]
	at org.springframework.beans.factory.support.AbstractAutowireCapableBeanFactory.createBean(AbstractAutowireCapableBeanFactory.java:520) ~[spring-beans-6.0.13.jar:6.0.13]
	at org.springframework.beans.factory.support.AbstractBeanFactory.lambda$doGetBean$0(AbstractBeanFactory.java:325) ~[spring-beans-6.0.13.jar:6.0.13]
	at org.springframework.beans.factory.support.DefaultSingletonBeanRegistry.getSingleton(DefaultSingletonBeanRegistry.java:234) ~[spring-beans-6.0.13.jar:6.0.13]
	at org.springframework.beans.factory.support.AbstractBeanFactory.doGetBean(AbstractBeanFactory.java:323) ~[spring-beans-6.0.13.jar:6.0.13]
	at org.springframework.beans.factory.support.AbstractBeanFactory.getBean(AbstractBeanFactory.java:199) ~[spring-beans-6.0.13.jar:6.0.13]
	at org.springframework.beans.factory.config.DependencyDescriptor.resolveCandidate(DependencyDescriptor.java:254) ~[spring-beans-6.0.13.jar:6.0.13]
	at org.springframework.beans.factory.support.DefaultListableBeanFactory.doResolveDependency(DefaultListableBeanFactory.java:1417) ~[spring-beans-6.0.13.jar:6.0.13]
	at org.springframework.beans.factory.support.DefaultListableBeanFactory.resolveDependency(DefaultListableBeanFactory.java:1337) ~[spring-beans-6.0.13.jar:6.0.13]
	at org.springframework.beans.factory.annotation.AutowiredAnnotationBeanPostProcessor$AutowiredFieldElement.resolveFieldValue(AutowiredAnnotationBeanPostProcessor.java:764) ~[spring-beans-6.0.13.jar:6.0.13]
	at org.springframework.beans.factory.annotation.AutowiredAnnotationBeanPostProcessor$AutowiredFieldElement.inject(AutowiredAnnotationBeanPostProcessor.java:747) ~[spring-beans-6.0.13.jar:6.0.13]
	at org.springframework.beans.factory.annotation.InjectionMetadata.inject(InjectionMetadata.java:145) ~[spring-beans-6.0.13.jar:6.0.13]
	at org.springframework.beans.factory.annotation.AutowiredAnnotationBeanPostProcessor.postProcessProperties(AutowiredAnnotationBeanPostProcessor.java:492) ~[spring-beans-6.0.13.jar:6.0.13]
	at org.springframework.beans.factory.support.AbstractAutowireCapableBeanFactory.populateBean(AbstractAutowireCapableBeanFactory.java:1416) ~[spring-beans-6.0.13.jar:6.0.13]
	at org.springframework.beans.factory.support.AbstractAutowireCapableBeanFactory.doCreateBean(AbstractAutowireCapableBeanFactory.java:597) ~[spring-beans-6.0.13.jar:6.0.13]
	at org.springframework.beans.factory.support.AbstractAutowireCapableBeanFactory.createBean(AbstractAutowireCapableBeanFactory.java:520) ~[spring-beans-6.0.13.jar:6.0.13]
	at org.springframework.beans.factory.support.AbstractBeanFactory.lambda$doGetBean$0(AbstractBeanFactory.java:325) ~[spring-beans-6.0.13.jar:6.0.13]
	at org.springframework.beans.factory.support.DefaultSingletonBeanRegistry.getSingleton(DefaultSingletonBeanRegistry.java:234) ~[spring-beans-6.0.13.jar:6.0.13]
	at org.springframework.beans.factory.support.AbstractBeanFactory.doGetBean(AbstractBeanFactory.java:323) ~[spring-beans-6.0.13.jar:6.0.13]
	at org.springframework.beans.factory.support.AbstractBeanFactory.getBean(AbstractBeanFactory.java:199) ~[spring-beans-6.0.13.jar:6.0.13]
	at org.springframework.beans.factory.config.DependencyDescriptor.resolveCandidate(DependencyDescriptor.java:254) ~[spring-beans-6.0.13.jar:6.0.13]
	at org.springframework.beans.factory.support.DefaultListableBeanFactory.doResolveDependency(DefaultListableBeanFactory.java:1417) ~[spring-beans-6.0.13.jar:6.0.13]
	at org.springframework.beans.factory.support.DefaultListableBeanFactory.resolveDependency(DefaultListableBeanFactory.java:1337) ~[spring-beans-6.0.13.jar:6.0.13]
	at org.springframework.beans.factory.annotation.AutowiredAnnotationBeanPostProcessor$AutowiredFieldElement.resolveFieldValue(AutowiredAnnotationBeanPostProcessor.java:764) ~[spring-beans-6.0.13.jar:6.0.13]
	at org.springframework.beans.factory.annotation.AutowiredAnnotationBeanPostProcessor$AutowiredFieldElement.inject(AutowiredAnnotationBeanPostProcessor.java:747) ~[spring-beans-6.0.13.jar:6.0.13]
	at org.springframework.beans.factory.annotation.InjectionMetadata.inject(InjectionMetadata.java:145) ~[spring-beans-6.0.13.jar:6.0.13]
	at org.springframework.beans.factory.annotation.AutowiredAnnotationBeanPostProcessor.postProcessProperties(AutowiredAnnotationBeanPostProcessor.java:492) ~[spring-beans-6.0.13.jar:6.0.13]
	at org.springframework.beans.factory.support.AbstractAutowireCapableBeanFactory.populateBean(AbstractAutowireCapableBeanFactory.java:1416) ~[spring-beans-6.0.13.jar:6.0.13]
	at org.springframework.beans.factory.support.AbstractAutowireCapableBeanFactory.doCreateBean(AbstractAutowireCapableBeanFactory.java:597) ~[spring-beans-6.0.13.jar:6.0.13]
	at org.springframework.beans.factory.support.AbstractAutowireCapableBeanFactory.createBean(AbstractAutowireCapableBeanFactory.java:520) ~[spring-beans-6.0.13.jar:6.0.13]
	at org.springframework.beans.factory.support.AbstractBeanFactory.lambda$doGetBean$0(AbstractBeanFactory.java:325) ~[spring-beans-6.0.13.jar:6.0.13]
	at org.springframework.beans.factory.support.DefaultSingletonBeanRegistry.getSingleton(DefaultSingletonBeanRegistry.java:234) ~[spring-beans-6.0.13.jar:6.0.13]
	at org.springframework.beans.factory.support.AbstractBeanFactory.doGetBean(AbstractBeanFactory.java:323) ~[spring-beans-6.0.13.jar:6.0.13]
	at org.springframework.beans.factory.support.AbstractBeanFactory.getBean(AbstractBeanFactory.java:204) ~[spring-beans-6.0.13.jar:6.0.13]
	at org.springframework.boot.web.servlet.ServletContextInitializerBeans.getOrderedBeansOfType(ServletContextInitializerBeans.java:210) ~[spring-boot-3.1.5.jar:3.1.5]
	at org.springframework.boot.web.servlet.ServletContextInitializerBeans.addAsRegistrationBean(ServletContextInitializerBeans.java:173) ~[spring-boot-3.1.5.jar:3.1.5]
	at org.springframework.boot.web.servlet.ServletContextInitializerBeans.addAsRegistrationBean(ServletContextInitializerBeans.java:168) ~[spring-boot-3.1.5.jar:3.1.5]
	at org.springframework.boot.web.servlet.ServletContextInitializerBeans.addAdaptableBeans(ServletContextInitializerBeans.java:153) ~[spring-boot-3.1.5.jar:3.1.5]
	at org.springframework.boot.web.servlet.ServletContextInitializerBeans.<init>(ServletContextInitializerBeans.java:86) ~[spring-boot-3.1.5.jar:3.1.5]
	at org.springframework.boot.web.servlet.context.ServletWebServerApplicationContext.getServletContextInitializerBeans(ServletWebServerApplicationContext.java:261) ~[spring-boot-3.1.5.jar:3.1.5]
	at org.springframework.boot.web.servlet.context.ServletWebServerApplicationContext.selfInitialize(ServletWebServerApplicationContext.java:235) ~[spring-boot-3.1.5.jar:3.1.5]
	at org.springframework.boot.web.embedded.tomcat.TomcatStarter.onStartup(TomcatStarter.java:52) ~[spring-boot-3.1.5.jar:3.1.5]
	at org.apache.catalina.core.StandardContext.startInternal(StandardContext.java:4850) ~[tomcat-embed-core-10.1.15.jar:10.1.15]
	at org.apache.catalina.util.LifecycleBase.start(LifecycleBase.java:171) ~[tomcat-embed-core-10.1.15.jar:10.1.15]
	at org.apache.catalina.core.ContainerBase$StartChild.call(ContainerBase.java:1332) ~[tomcat-embed-core-10.1.15.jar:10.1.15]
	at org.apache.catalina.core.ContainerBase$StartChild.call(ContainerBase.java:1322) ~[tomcat-embed-core-10.1.15.jar:10.1.15]
	at java.base/java.util.concurrent.FutureTask.run(FutureTask.java:317) ~[na:na]
	at org.apache.tomcat.util.threads.InlineExecutorService.execute(InlineExecutorService.java:75) ~[tomcat-embed-core-10.1.15.jar:10.1.15]
	at java.base/java.util.concurrent.AbstractExecutorService.submit(AbstractExecutorService.java:145) ~[na:na]
	at org.apache.catalina.core.ContainerBase.startInternal(ContainerBase.java:866) ~[tomcat-embed-core-10.1.15.jar:10.1.15]
	at org.apache.catalina.core.StandardHost.startInternal(StandardHost.java:845) ~[tomcat-embed-core-10.1.15.jar:10.1.15]
	at org.apache.catalina.util.LifecycleBase.start(LifecycleBase.java:171) ~[tomcat-embed-core-10.1.15.jar:10.1.15]
	at org.apache.catalina.core.ContainerBase$StartChild.call(ContainerBase.java:1332) ~[tomcat-embed-core-10.1.15.jar:10.1.15]
	at org.apache.catalina.core.ContainerBase$StartChild.call(ContainerBase.java:1322) ~[tomcat-embed-core-10.1.15.jar:10.1.15]
	at java.base/java.util.concurrent.FutureTask.run(FutureTask.java:317) ~[na:na]
	at org.apache.tomcat.util.threads.InlineExecutorService.execute(InlineExecutorService.java:75) ~[tomcat-embed-core-10.1.15.jar:10.1.15]
	at java.base/java.util.concurrent.AbstractExecutorService.submit(AbstractExecutorService.java:145) ~[na:na]
	at org.apache.catalina.core.ContainerBase.startInternal(ContainerBase.java:866) ~[tomcat-embed-core-10.1.15.jar:10.1.15]
	at org.apache.catalina.core.StandardEngine.startInternal(StandardEngine.java:240) ~[tomcat-embed-core-10.1.15.jar:10.1.15]
	at org.apache.catalina.util.LifecycleBase.start(LifecycleBase.java:171) ~[tomcat-embed-core-10.1.15.jar:10.1.15]
	at org.apache.catalina.core.StandardService.startInternal(StandardService.java:433) ~[tomcat-embed-core-10.1.15.jar:10.1.15]
	at org.apache.catalina.util.LifecycleBase.start(LifecycleBase.java:171) ~[tomcat-embed-core-10.1.15.jar:10.1.15]
	at org.apache.catalina.core.StandardServer.startInternal(StandardServer.java:917) ~[tomcat-embed-core-10.1.15.jar:10.1.15]
	at org.apache.catalina.util.LifecycleBase.start(LifecycleBase.java:171) ~[tomcat-embed-core-10.1.15.jar:10.1.15]
	at org.apache.catalina.startup.Tomcat.start(Tomcat.java:488) ~[tomcat-embed-core-10.1.15.jar:10.1.15]
	at org.springframework.boot.web.embedded.tomcat.TomcatWebServer.initialize(TomcatWebServer.java:123) ~[spring-boot-3.1.5.jar:3.1.5]
	at org.springframework.boot.web.embedded.tomcat.TomcatWebServer.<init>(TomcatWebServer.java:104) ~[spring-boot-3.1.5.jar:3.1.5]
	at org.springframework.boot.web.embedded.tomcat.TomcatServletWebServerFactory.getTomcatWebServer(TomcatServletWebServerFactory.java:489) ~[spring-boot-3.1.5.jar:3.1.5]
	at org.springframework.boot.web.embedded.tomcat.TomcatServletWebServerFactory.getWebServer(TomcatServletWebServerFactory.java:211) ~[spring-boot-3.1.5.jar:3.1.5]
	at org.springframework.boot.web.servlet.context.ServletWebServerApplicationContext.createWebServer(ServletWebServerApplicationContext.java:183) ~[spring-boot-3.1.5.jar:3.1.5]
	at org.springframework.boot.web.servlet.context.ServletWebServerApplicationContext.onRefresh(ServletWebServerApplicationContext.java:161) ~[spring-boot-3.1.5.jar:3.1.5]
	at org.springframework.context.support.AbstractApplicationContext.refresh(AbstractApplicationContext.java:610) ~[spring-context-6.0.13.jar:6.0.13]
	at org.springframework.boot.web.servlet.context.ServletWebServerApplicationContext.refresh(ServletWebServerApplicationContext.java:146) ~[spring-boot-3.1.5.jar:3.1.5]
	at org.springframework.boot.SpringApplication.refresh(SpringApplication.java:738) ~[spring-boot-3.1.5.jar:3.1.5]
	at org.springframework.boot.SpringApplication.refreshContext(SpringApplication.java:440) ~[spring-boot-3.1.5.jar:3.1.5]
	at org.springframework.boot.SpringApplication.run(SpringApplication.java:316) ~[spring-boot-3.1.5.jar:3.1.5]
	at org.springframework.boot.SpringApplication.run(SpringApplication.java:1306) ~[spring-boot-3.1.5.jar:3.1.5]
	at org.springframework.boot.SpringApplication.run(SpringApplication.java:1295) ~[spring-boot-3.1.5.jar:3.1.5]
	at vn.unigap.RecruimentServiceApplication.main(RecruimentServiceApplication.java:10) ~[classes/:na]
Caused by: java.sql.SQLIntegrityConstraintViolationException: Cannot add or update a child row: a foreign key constraint fails (`job_db`.`#sql-368_9`, CONSTRAINT `FKr7ujclv7oh4yf0u8hs2nq3ui2` FOREIGN KEY (`seeker_id`) REFERENCES `seeker` (`id`))
	at com.mysql.cj.jdbc.exceptions.SQLError.createSQLException(SQLError.java:118) ~[mysql-connector-j-8.0.33.jar:8.0.33]
	at com.mysql.cj.jdbc.exceptions.SQLExceptionsMapping.translateException(SQLExceptionsMapping.java:122) ~[mysql-connector-j-8.0.33.jar:8.0.33]
	at com.mysql.cj.jdbc.StatementImpl.executeInternal(StatementImpl.java:763) ~[mysql-connector-j-8.0.33.jar:8.0.33]
	at com.mysql.cj.jdbc.StatementImpl.execute(StatementImpl.java:648) ~[mysql-connector-j-8.0.33.jar:8.0.33]
	at com.zaxxer.hikari.pool.ProxyStatement.execute(ProxyStatement.java:94) ~[HikariCP-5.0.1.jar:na]
	at com.zaxxer.hikari.pool.HikariProxyStatement.execute(HikariProxyStatement.java) ~[HikariCP-5.0.1.jar:na]
	at org.hibernate.tool.schema.internal.exec.GenerationTargetToDatabase.accept(GenerationTargetToDatabase.java:80) ~[hibernate-core-6.2.13.Final.jar:6.2.13.Final]
	... 122 common frames omitted

Hibernate: alter table resume_job_field add constraint FKf6vch7nb5nmx50w0iyv8ebqnj foreign key (job_field_id) references job_field (id)
Hibernate: alter table resume_job_field add constraint FKoegtywda6xp8ufvn8lkc9093m foreign key (resume_id) references resume (id)
Hibernate: alter table resume_job_province add constraint FKhd9c1pb11mc5ikbay8khy3i9a foreign key (job_province_id) references job_province (id)
Hibernate: alter table resume_job_province add constraint FK7qg1hfngwatwuikvuc63d83uq foreign key (resume_id) references resume (id)
Hibernate: alter table seeker add constraint FKkf6ptpn4rgp7vqalqqdi5npk6 foreign key (province_id) references job_province (id)
2026-02-14T21:34:35.180-06:00  INFO 19089 --- [           main] j.LocalContainerEntityManagerFactoryBean : Initialized JPA EntityManagerFactory for persistence unit 'default'
2026-02-14T21:34:35.595-06:00  INFO 19089 --- [           main] o.s.d.j.r.query.QueryEnhancerFactory     : Hibernate is in classpath; If applicable, HQL parser will be used.
2026-02-14T21:34:36.085-06:00  WARN 19089 --- [           main] JpaBaseConfiguration$JpaWebConfiguration : spring.jpa.open-in-view is enabled by default. Therefore, database queries may be performed during view rendering. Explicitly configure spring.jpa.open-in-view to disable this warning
2026-02-14T21:34:36.327-06:00  INFO 19089 --- [           main] o.s.s.web.DefaultSecurityFilterChain     : Will secure any request with [org.springframework.security.web.session.DisableEncodeUrlFilter@6fa73db5, org.springframework.security.web.context.request.async.WebAsyncManagerIntegrationFilter@7ce87db5, org.springframework.security.web.context.SecurityContextHolderFilter@1184b542, org.springframework.security.web.header.HeaderWriterFilter@815e8e3, org.springframework.security.web.authentication.logout.LogoutFilter@7bbd133c, vn.unigap.api.security.JwtAuthenticationFilter@6d96a895, org.springframework.security.web.savedrequest.RequestCacheAwareFilter@4758f533, org.springframework.security.web.servletapi.SecurityContextHolderAwareRequestFilter@262e2c8c, org.springframework.security.web.authentication.AnonymousAuthenticationFilter@c7485d2, org.springframework.security.web.session.SessionManagementFilter@91e76b6, org.springframework.security.web.access.ExceptionTranslationFilter@79a1f55c, org.springframework.security.web.access.intercept.AuthorizationFilter@a9339e5]
2026-02-14T21:34:36.515-06:00  INFO 19089 --- [           main] o.s.b.w.embedded.tomcat.TomcatWebServer  : Tomcat started on port(s): 8080 (http) with context path ''
2026-02-14T21:34:36.519-06:00  INFO 19089 --- [           main] vn.unigap.RecruimentServiceApplication   : Started RecruimentServiceApplication in 3.92 seconds (process running for 4.093)
2026-02-14T21:36:11.567-06:00  INFO 19089 --- [nio-8080-exec-1] o.a.c.c.C.[Tomcat].[localhost].[/]       : Initializing Spring DispatcherServlet 'dispatcherServlet'
2026-02-14T21:36:11.579-06:00  INFO 19089 --- [nio-8080-exec-1] o.s.web.servlet.DispatcherServlet        : Initializing Servlet 'dispatcherServlet'
2026-02-14T21:36:11.581-06:00  INFO 19089 --- [nio-8080-exec-1] o.s.web.servlet.DispatcherServlet        : Completed initialization in 2 ms
2026-02-14T21:36:11.586-06:00 DEBUG 19089 --- [nio-8080-exec-1] o.s.security.web.FilterChainProxy        : Securing GET /actuator/health
2026-02-14T21:36:11.591-06:00 DEBUG 19089 --- [nio-8080-exec-1] o.s.s.w.a.AnonymousAuthenticationFilter  : Set SecurityContextHolder to anonymous SecurityContext
2026-02-14T21:36:11.604-06:00 DEBUG 19089 --- [nio-8080-exec-1] o.s.s.w.a.Http403ForbiddenEntryPoint     : Pre-authenticated entry point called. Rejecting access
2026-02-14T21:36:11.606-06:00 DEBUG 19089 --- [nio-8080-exec-1] o.s.security.web.FilterChainProxy        : Securing GET /error
2026-02-14T21:36:11.613-06:00 DEBUG 19089 --- [nio-8080-exec-1] o.s.s.w.a.AnonymousAuthenticationFilter  : Set SecurityContextHolder to anonymous SecurityContext
2026-02-14T21:36:11.613-06:00 DEBUG 19089 --- [nio-8080-exec-1] o.s.s.w.a.Http403ForbiddenEntryPoint     : Pre-authenticated entry point called. Rejecting access
2026-02-14T21:36:11.625-06:00 DEBUG 19089 --- [nio-8080-exec-3] o.s.security.web.FilterChainProxy        : Securing POST /api/v1/auth/register
2026-02-14T21:36:11.625-06:00 DEBUG 19089 --- [nio-8080-exec-3] o.s.s.w.a.AnonymousAuthenticationFilter  : Set SecurityContextHolder to anonymous SecurityContext
2026-02-14T21:36:11.626-06:00 DEBUG 19089 --- [nio-8080-exec-3] o.s.security.web.FilterChainProxy        : Secured POST /api/v1/auth/register
Hibernate: select u1_0.id from `user` u1_0 where u1_0.username=? limit ?
Hibernate: select u1_0.id from `user` u1_0 where u1_0.email=? limit ?
Hibernate: insert into `user` (created_at,email,password,role,role_entity_id,updated_at,username) values (?,?,?,?,?,?,?)
2026-02-14T21:36:11.951-06:00 DEBUG 19089 --- [nio-8080-exec-5] o.s.security.web.FilterChainProxy        : Securing GET /api/v1/job-fields?page=0&size=5
2026-02-14T21:36:11.952-06:00 DEBUG 19089 --- [nio-8080-exec-5] o.s.s.w.a.AnonymousAuthenticationFilter  : Set SecurityContextHolder to anonymous SecurityContext
2026-02-14T21:36:11.952-06:00 DEBUG 19089 --- [nio-8080-exec-5] o.s.security.web.FilterChainProxy        : Secured GET /api/v1/job-fields?page=0&size=5
Hibernate: select j1_0.id,j1_0.created_at,j1_0.name,j1_0.slug,j1_0.updated_at from job_field j1_0 limit ?,?
Hibernate: select count(j1_0.id) from job_field j1_0
2026-02-14T21:36:11.994-06:00 DEBUG 19089 --- [nio-8080-exec-7] o.s.security.web.FilterChainProxy        : Securing GET /api/v1/provinces?page=0&size=5
2026-02-14T21:36:11.994-06:00 DEBUG 19089 --- [nio-8080-exec-7] o.s.s.w.a.AnonymousAuthenticationFilter  : Set SecurityContextHolder to anonymous SecurityContext
2026-02-14T21:36:11.995-06:00 DEBUG 19089 --- [nio-8080-exec-7] o.s.security.web.FilterChainProxy        : Secured GET /api/v1/provinces?page=0&size=5
Hibernate: select j1_0.id,j1_0.code,j1_0.created_at,j1_0.name,j1_0.slug,j1_0.updated_at from job_province j1_0 limit ?,?
Hibernate: select count(j1_0.id) from job_province j1_0
2026-02-14T21:36:12.033-06:00 DEBUG 19089 --- [nio-8080-exec-9] o.s.security.web.FilterChainProxy        : Securing POST /api/v1/employer
Hibernate: select u1_0.id,u1_0.created_at,u1_0.email,u1_0.password,u1_0.role,u1_0.role_entity_id,u1_0.updated_at,u1_0.username from `user` u1_0 where u1_0.username=?
2026-02-14T21:36:12.067-06:00 DEBUG 19089 --- [nio-8080-exec-9] o.s.s.w.access.AccessDeniedHandlerImpl   : Responding with 403 status code
2026-02-14T21:36:12.068-06:00 DEBUG 19089 --- [nio-8080-exec-9] o.s.security.web.FilterChainProxy        : Securing POST /error
2026-02-14T21:36:12.068-06:00 DEBUG 19089 --- [nio-8080-exec-9] o.s.s.w.a.AnonymousAuthenticationFilter  : Set SecurityContextHolder to anonymous SecurityContext
2026-02-14T21:36:12.068-06:00 DEBUG 19089 --- [nio-8080-exec-9] o.s.s.w.a.Http403ForbiddenEntryPoint     : Pre-authenticated entry point called. Rejecting access
2026-02-14T21:36:12.080-06:00 DEBUG 19089 --- [nio-8080-exec-1] o.s.security.web.FilterChainProxy        : Securing GET /api/v1/jobs?page=0&size=5
2026-02-14T21:36:12.081-06:00 DEBUG 19089 --- [nio-8080-exec-1] o.s.s.w.a.AnonymousAuthenticationFilter  : Set SecurityContextHolder to anonymous SecurityContext
2026-02-14T21:36:12.081-06:00 DEBUG 19089 --- [nio-8080-exec-1] o.s.security.web.FilterChainProxy        : Secured GET /api/v1/jobs?page=0&size=5
Hibernate: select j1_0.id,j1_0.created_at,j1_0.description,j1_0.employer_id,j1_0.expired_at,j1_0.quantity,j1_0.salary,j1_0.title,j1_0.updated_at from job j1_0 limit ?,?
2026-02-14T21:36:12.102-06:00 DEBUG 19089 --- [nio-8080-exec-3] o.s.security.web.FilterChainProxy        : Securing POST /api/v1/auth/register
2026-02-14T21:36:12.102-06:00 DEBUG 19089 --- [nio-8080-exec-3] o.s.s.w.a.AnonymousAuthenticationFilter  : Set SecurityContextHolder to anonymous SecurityContext
2026-02-14T21:36:12.103-06:00 DEBUG 19089 --- [nio-8080-exec-3] o.s.security.web.FilterChainProxy        : Secured POST /api/v1/auth/register
Hibernate: select u1_0.id from `user` u1_0 where u1_0.username=? limit ?
Hibernate: select u1_0.id from `user` u1_0 where u1_0.email=? limit ?
Hibernate: insert into `user` (created_at,email,password,role,role_entity_id,updated_at,username) values (?,?,?,?,?,?,?)
2026-02-14T21:36:12.213-06:00 DEBUG 19089 --- [nio-8080-exec-5] o.s.security.web.FilterChainProxy        : Securing GET /swagger-ui.html
2026-02-14T21:36:12.213-06:00 DEBUG 19089 --- [nio-8080-exec-5] o.s.s.w.a.AnonymousAuthenticationFilter  : Set SecurityContextHolder to anonymous SecurityContext
2026-02-14T21:36:12.213-06:00 DEBUG 19089 --- [nio-8080-exec-5] o.s.security.web.FilterChainProxy        : Secured GET /swagger-ui.html
2026-02-14T21:36:12.237-06:00 DEBUG 19089 --- [nio-8080-exec-7] o.s.security.web.FilterChainProxy        : Securing POST /api/v1/jobs
2026-02-14T21:36:12.237-06:00 DEBUG 19089 --- [nio-8080-exec-7] o.s.s.w.a.AnonymousAuthenticationFilter  : Set SecurityContextHolder to anonymous SecurityContext
2026-02-14T21:36:12.238-06:00 DEBUG 19089 --- [nio-8080-exec-7] o.s.s.w.a.Http403ForbiddenEntryPoint     : Pre-authenticated entry point called. Rejecting access
2026-02-14T21:36:12.239-06:00 DEBUG 19089 --- [nio-8080-exec-7] o.s.security.web.FilterChainProxy        : Securing POST /error
2026-02-14T21:36:12.239-06:00 DEBUG 19089 --- [nio-8080-exec-7] o.s.s.w.a.AnonymousAuthenticationFilter  : Set SecurityContextHolder to anonymous SecurityContext
2026-02-14T21:36:12.239-06:00 DEBUG 19089 --- [nio-8080-exec-7] o.s.s.w.a.Http403ForbiddenEntryPoint     : Pre-authenticated entry point called. Rejecting access
2026-02-14T21:36:36.628-06:00 DEBUG 19089 --- [nio-8080-exec-9] o.s.security.web.FilterChainProxy        : Securing GET /
2026-02-14T21:36:36.629-06:00 DEBUG 19089 --- [nio-8080-exec-9] o.s.s.w.a.AnonymousAuthenticationFilter  : Set SecurityContextHolder to anonymous SecurityContext
2026-02-14T21:36:36.640-06:00 DEBUG 19089 --- [nio-8080-exec-9] o.s.s.w.a.Http403ForbiddenEntryPoint     : Pre-authenticated entry point called. Rejecting access
2026-02-14T21:36:36.641-06:00 DEBUG 19089 --- [nio-8080-exec-9] o.s.security.web.FilterChainProxy        : Securing GET /error
2026-02-14T21:36:36.645-06:00 DEBUG 19089 --- [nio-8080-exec-9] o.s.s.w.a.AnonymousAuthenticationFilter  : Set SecurityContextHolder to anonymous SecurityContext
2026-02-14T21:36:36.645-06:00 DEBUG 19089 --- [nio-8080-exec-9] o.s.s.w.a.Http403ForbiddenEntryPoint     : Pre-authenticated entry point called. Rejecting access
2026-02-14T21:36:37.161-06:00 DEBUG 19089 --- [io-8080-exec-10] o.s.security.web.FilterChainProxy        : Securing GET /
2026-02-14T21:36:37.162-06:00 DEBUG 19089 --- [io-8080-exec-10] o.s.s.w.a.AnonymousAuthenticationFilter  : Set SecurityContextHolder to anonymous SecurityContext
2026-02-14T21:36:37.174-06:00 DEBUG 19089 --- [io-8080-exec-10] o.s.s.w.a.Http403ForbiddenEntryPoint     : Pre-authenticated entry point called. Rejecting access
2026-02-14T21:36:37.175-06:00 DEBUG 19089 --- [io-8080-exec-10] o.s.security.web.FilterChainProxy        : Securing GET /error
2026-02-14T21:36:37.178-06:00 DEBUG 19089 --- [io-8080-exec-10] o.s.s.w.a.AnonymousAuthenticationFilter  : Set SecurityContextHolder to anonymous SecurityContext
2026-02-14T21:36:37.179-06:00 DEBUG 19089 --- [io-8080-exec-10] o.s.s.w.a.Http403ForbiddenEntryPoint     : Pre-authenticated entry point called. Rejecting access
2026-02-14T21:36:40.881-06:00 DEBUG 19089 --- [nio-8080-exec-1] o.s.security.web.FilterChainProxy        : Securing GET /
2026-02-14T21:36:40.881-06:00 DEBUG 19089 --- [nio-8080-exec-1] o.s.s.w.a.AnonymousAuthenticationFilter  : Set SecurityContextHolder to anonymous SecurityContext
2026-02-14T21:36:40.889-06:00 DEBUG 19089 --- [nio-8080-exec-1] o.s.s.w.a.Http403ForbiddenEntryPoint     : Pre-authenticated entry point called. Rejecting access
2026-02-14T21:36:40.890-06:00 DEBUG 19089 --- [nio-8080-exec-1] o.s.security.web.FilterChainProxy        : Securing GET /error
2026-02-14T21:36:40.893-06:00 DEBUG 19089 --- [nio-8080-exec-1] o.s.s.w.a.AnonymousAuthenticationFilter  : Set SecurityContextHolder to anonymous SecurityContext
2026-02-14T21:36:40.893-06:00 DEBUG 19089 --- [nio-8080-exec-1] o.s.s.w.a.Http403ForbiddenEntryPoint     : Pre-authenticated entry point called. Rejecting access
2026-02-14T21:36:48.463-06:00 DEBUG 19089 --- [nio-8080-exec-2] o.s.security.web.FilterChainProxy        : Securing GET /swagger-ui/index.html
2026-02-14T21:36:48.464-06:00 DEBUG 19089 --- [nio-8080-exec-2] o.s.s.w.a.AnonymousAuthenticationFilter  : Set SecurityContextHolder to anonymous SecurityContext
2026-02-14T21:36:48.464-06:00 DEBUG 19089 --- [nio-8080-exec-2] o.s.security.web.FilterChainProxy        : Secured GET /swagger-ui/index.html
2026-02-14T21:36:48.544-06:00 DEBUG 19089 --- [nio-8080-exec-4] o.s.security.web.FilterChainProxy        : Securing GET /v3/api-docs
2026-02-14T21:36:48.544-06:00 DEBUG 19089 --- [nio-8080-exec-4] o.s.s.w.a.AnonymousAuthenticationFilter  : Set SecurityContextHolder to anonymous SecurityContext
2026-02-14T21:36:48.545-06:00 DEBUG 19089 --- [nio-8080-exec-4] o.s.security.web.FilterChainProxy        : Secured GET /v3/api-docs
2026-02-14T21:36:48.899-06:00  INFO 19089 --- [nio-8080-exec-4] o.springdoc.api.AbstractOpenApiResource  : Init duration for springdoc-openapi is: 348 ms
2026-02-14T21:39:48.870-06:00 DEBUG 19089 --- [nio-8080-exec-7] o.s.security.web.FilterChainProxy        : Securing GET /swagger-ui/index.html
2026-02-14T21:39:48.871-06:00 DEBUG 19089 --- [nio-8080-exec-7] o.s.s.w.a.AnonymousAuthenticationFilter  : Set SecurityContextHolder to anonymous SecurityContext
2026-02-14T21:39:48.872-06:00 DEBUG 19089 --- [nio-8080-exec-7] o.s.security.web.FilterChainProxy        : Secured GET /swagger-ui/index.html
2026-02-14T21:39:48.899-06:00 DEBUG 19089 --- [nio-8080-exec-8] o.s.security.web.FilterChainProxy        : Securing GET /swagger-ui/index.css
2026-02-14T21:39:48.899-06:00 DEBUG 19089 --- [nio-8080-exec-9] o.s.security.web.FilterChainProxy        : Securing GET /swagger-ui/swagger-ui.css
2026-02-14T21:39:48.899-06:00 DEBUG 19089 --- [nio-8080-exec-8] o.s.s.w.a.AnonymousAuthenticationFilter  : Set SecurityContextHolder to anonymous SecurityContext
2026-02-14T21:39:48.899-06:00 DEBUG 19089 --- [nio-8080-exec-9] o.s.s.w.a.AnonymousAuthenticationFilter  : Set SecurityContextHolder to anonymous SecurityContext
2026-02-14T21:39:48.900-06:00 DEBUG 19089 --- [nio-8080-exec-8] o.s.security.web.FilterChainProxy        : Secured GET /swagger-ui/index.css
2026-02-14T21:39:48.901-06:00 DEBUG 19089 --- [nio-8080-exec-9] o.s.security.web.FilterChainProxy        : Secured GET /swagger-ui/swagger-ui.css
2026-02-14T21:39:48.906-06:00 DEBUG 19089 --- [io-8080-exec-10] o.s.security.web.FilterChainProxy        : Securing GET /swagger-ui/swagger-ui-bundle.js
2026-02-14T21:39:48.906-06:00 DEBUG 19089 --- [io-8080-exec-10] o.s.s.w.a.AnonymousAuthenticationFilter  : Set SecurityContextHolder to anonymous SecurityContext
2026-02-14T21:39:48.907-06:00 DEBUG 19089 --- [io-8080-exec-10] o.s.security.web.FilterChainProxy        : Secured GET /swagger-ui/swagger-ui-bundle.js
2026-02-14T21:39:48.910-06:00 DEBUG 19089 --- [nio-8080-exec-1] o.s.security.web.FilterChainProxy        : Securing GET /swagger-ui/swagger-ui-standalone-preset.js
2026-02-14T21:39:48.911-06:00 DEBUG 19089 --- [nio-8080-exec-1] o.s.s.w.a.AnonymousAuthenticationFilter  : Set SecurityContextHolder to anonymous SecurityContext
2026-02-14T21:39:48.912-06:00 DEBUG 19089 --- [nio-8080-exec-1] o.s.security.web.FilterChainProxy        : Secured GET /swagger-ui/swagger-ui-standalone-preset.js
2026-02-14T21:39:48.913-06:00 DEBUG 19089 --- [nio-8080-exec-2] o.s.security.web.FilterChainProxy        : Securing GET /swagger-ui/swagger-initializer.js
2026-02-14T21:39:48.913-06:00 DEBUG 19089 --- [nio-8080-exec-2] o.s.s.w.a.AnonymousAuthenticationFilter  : Set SecurityContextHolder to anonymous SecurityContext
2026-02-14T21:39:48.913-06:00 DEBUG 19089 --- [nio-8080-exec-2] o.s.security.web.FilterChainProxy        : Secured GET /swagger-ui/swagger-initializer.js
2026-02-14T21:39:49.009-06:00 DEBUG 19089 --- [nio-8080-exec-3] o.s.security.web.FilterChainProxy        : Securing GET /v3/api-docs/swagger-config
2026-02-14T21:39:49.009-06:00 DEBUG 19089 --- [nio-8080-exec-3] o.s.s.w.a.AnonymousAuthenticationFilter  : Set SecurityContextHolder to anonymous SecurityContext
2026-02-14T21:39:49.010-06:00 DEBUG 19089 --- [nio-8080-exec-3] o.s.security.web.FilterChainProxy        : Secured GET /v3/api-docs/swagger-config
2026-02-14T21:39:49.010-06:00 DEBUG 19089 --- [nio-8080-exec-4] o.s.security.web.FilterChainProxy        : Securing GET /swagger-ui/favicon-32x32.png
2026-02-14T21:39:49.010-06:00 DEBUG 19089 --- [nio-8080-exec-4] o.s.s.w.a.AnonymousAuthenticationFilter  : Set SecurityContextHolder to anonymous SecurityContext
2026-02-14T21:39:49.010-06:00 DEBUG 19089 --- [nio-8080-exec-4] o.s.security.web.FilterChainProxy        : Secured GET /swagger-ui/favicon-32x32.png
2026-02-14T21:39:49.025-06:00 DEBUG 19089 --- [nio-8080-exec-5] o.s.security.web.FilterChainProxy        : Securing GET /v3/api-docs
2026-02-14T21:39:49.025-06:00 DEBUG 19089 --- [nio-8080-exec-5] o.s.s.w.a.AnonymousAuthenticationFilter  : Set SecurityContextHolder to anonymous SecurityContext
2026-02-14T21:39:49.026-06:00 DEBUG 19089 --- [nio-8080-exec-5] o.s.security.web.FilterChainProxy        : Secured GET /v3/api-docs
